0 verbose cli C:\Program Files\nodejs\node.exe C:\Program Files\nodejs\node_modules\npm\bin\npm-cli.js
1 info using npm@10.8.2
2 info using node@v20.20.0
3 silly config load:file:C:\Program Files\nodejs\node_modules\npm\npmrc
4 silly config load:file:C:\project\rishhh\Beacon\ProcMon\ProcMon\.npmrc
5 silly config load:file:C:\Users\KIIT0001\.npmrc
6 silly config load:file:C:\Users\KIIT0001\AppData\Roaming\npm\etc\npmrc
7 verbose title npm ls lightningcss
8 verbose argv "ls" "lightningcss"
9 verbose logfile logs-max:10 dir:C:\project\rishhh\Beacon\ProcMon\ProcMon\.npm-cache\_logs\2026-07-12T17_55_14_937Z-
10 verbose logfile C:\project\rishhh\Beacon\ProcMon\ProcMon\.npm-cache\_logs\2026-07-12T17_55_14_937Z-debug-0.log
11 silly packumentCache heap:4345298944 maxSize:1086324736 maxEntrySize:543162368
12 silly logfile start cleaning logs, removing 1 files
13 silly logfile done cleaning log files
14 verbose cwd C:\project\rishhh\Beacon\ProcMon\ProcMon
15 verbose os Windows_NT 10.0.26200
16 verbose node v20.20.0
17 verbose npm  v10.8.2
18 verbose exit 0
19 info ok
